This is pdfTeX, Version 3.14159265-2.6-1.40.16 (TeX Live 2015/W32TeX) (preloaded format=pdflatex 2016.4.9)  8 MAY 2016 23:55
entering extended mode
 restricted \write18 enabled.
 %&-line parsing enabled.
**"./Bakaláøská práce.tex"
(./Bakaláøská práce.tex
LaTeX2e <2016/03/31>
Babel <3.9q> and hyphenation patterns for 81 language(s) loaded.
(c:/Users/morav/texmf/tex/latex/tulthesis/tulthesis.cls
Document Class: tulthesis 2015/11/12 TUL thesis class version 1.2
(d:/Programs/texlive/2015/texmf-dist/tex/latex/base/report.cls
Document Class: report 2014/09/29 v1.4h Standard LaTeX document class
(d:/Programs/texlive/2015/texmf-dist/tex/latex/base/size12.clo
File: size12.clo 2014/09/29 v1.4h Standard LaTeX file (size option)
)
\c@part=\count79
\c@chapter=\count80
\c@section=\count81
\c@subsection=\count82
\c@subsubsection=\count83
\c@paragraph=\count84
\c@subparagraph=\count85
\c@figure=\count86
\c@table=\count87
\abovecaptionskip=\skip41
\belowcaptionskip=\skip42
\bibindent=\dimen102
)
(c:/Users/morav/texmf/tex/latex/tulthesis/tul.sty
Package: tul 2015/11/12 version 1.2

(d:/Programs/texlive/2015/texmf-dist/tex/latex/base/ifthen.sty
Package: ifthen 2014/09/29 v1.1c Standard LaTeX ifthen package (DPC)
)
(d:/Programs/texlive/2015/texmf-dist/tex/latex/graphics/graphicx.sty
Package: graphicx 2014/10/28 v1.0g Enhanced LaTeX Graphics (DPC,SPQR)

(d:/Programs/texlive/2015/texmf-dist/tex/latex/graphics/keyval.sty
Package: keyval 2014/10/28 v1.15 key=value parser (DPC)
\KV@toks@=\toks14
)
(d:/Programs/texlive/2015/texmf-dist/tex/latex/graphics/graphics.sty
Package: graphics 2016/01/03 v1.0q Standard LaTeX Graphics (DPC,SPQR)

(d:/Programs/texlive/2015/texmf-dist/tex/latex/graphics/trig.sty
Package: trig 2016/01/03 v1.10 sin cos tan (DPC)
)
(d:/Programs/texlive/2015/texmf-dist/tex/latex/latexconfig/graphics.cfg
File: graphics.cfg 2010/04/23 v1.9 graphics configuration of TeX Live
)
Package graphics Info: Driver file: pdftex.def on input line 95.

(d:/Programs/texlive/2015/texmf-dist/tex/latex/pdftex-def/pdftex.def
File: pdftex.def 2011/05/27 v0.06d Graphics/color for pdfTeX

(d:/Programs/texlive/2015/texmf-dist/tex/generic/oberdiek/infwarerr.sty
Package: infwarerr 2010/04/08 v1.3 Providing info/warning/error messages (HO)
)
(d:/Programs/texlive/2015/texmf-dist/tex/generic/oberdiek/ltxcmds.sty
Package: ltxcmds 2011/11/09 v1.22 LaTeX kernel commands for general use (HO)
)
\Gread@gobject=\count88
))
\Gin@req@height=\dimen103
\Gin@req@width=\dimen104
)
(d:/Programs/texlive/2015/texmf-dist/tex/latex/xcolor/xcolor.sty
Package: xcolor 2007/01/21 v2.11 LaTeX color extensions (UK)

(d:/Programs/texlive/2015/texmf-dist/tex/latex/latexconfig/color.cfg
File: color.cfg 2007/01/18 v1.5 color configuration of teTeX/TeXLive
)
Package xcolor Info: Driver file: pdftex.def on input line 225.
Package xcolor Info: Model `cmy' substituted by `cmy0' on input line 1337.
Package xcolor Info: Model `hsb' substituted by `rgb' on input line 1341.
Package xcolor Info: Model `RGB' extended on input line 1353.
Package xcolor Info: Model `HTML' substituted by `rgb' on input line 1355.
Package xcolor Info: Model `Hsb' substituted by `hsb' on input line 1356.
Package xcolor Info: Model `tHsb' substituted by `hsb' on input line 1357.
Package xcolor Info: Model `HSB' substituted by `hsb' on input line 1358.
Package xcolor Info: Model `Gray' substituted by `gray' on input line 1359.
Package xcolor Info: Model `wave' substituted by `hsb' on input line 1360.
)
\oddp@geshift=\skip43
\evenp@geshift=\skip44
\oddsp@jline=\skip45
\evensp@jline=\skip46
\b@tt@mtextwidth=\skip47

(d:/Programs/texlive/2015/texmf-dist/tex/latex/fancyhdr/fancyhdr.sty
\fancy@headwidth=\skip48
\f@ncyO@elh=\skip49
\f@ncyO@erh=\skip50
\f@ncyO@olh=\skip51
\f@ncyO@orh=\skip52
\f@ncyO@elf=\skip53
\f@ncyO@erf=\skip54
\f@ncyO@olf=\skip55
\f@ncyO@orf=\skip56
)
\@drb@x=\box26
\@drwidth=\skip57
\@drlinewidth=\skip58

(d:/Programs/texlive/2015/texmf-dist/tex/latex/titlesec/titlesec.sty
Package: titlesec 2016/03/21 v2.10.2 Sectioning titles
\ttl@box=\box27
\beforetitleunit=\skip59
\aftertitleunit=\skip60
\ttl@plus=\dimen105
\ttl@minus=\dimen106
\ttl@toksa=\toks15
\titlewidth=\dimen107
\titlewidthlast=\dimen108
\titlewidthfirst=\dimen109
)
\@uthb@x=\box28
\@uthwidth=\skip61
\@uthheight=\skip62
\@uthdepth=\skip63
\@uthleftwidth=\skip64
\titleb@x=\box29
\title@height=\skip65
\dateb@x=\box30
\date@height=\skip66
\tul@tmp=\skip67
LaTeX Font Info:    External font `cmex10' loaded for size
(Font)              <7> on input line 444.
LaTeX Font Info:    External font `cmex10' loaded for size
(Font)              <5> on input line 444.
)
(d:/Programs/texlive/2015/texmf-dist/tex/latex/tools/tabularx.sty
Package: tabularx 2016/02/03 v2.11 `tabularx' package (DPC)

(d:/Programs/texlive/2015/texmf-dist/tex/latex/tools/array.sty
Package: array 2014/10/28 v2.4c Tabular extension package (FMi)
\col@sep=\dimen110
\extrarowheight=\dimen111
\NC@list=\toks16
\extratabsurround=\skip68
\backup@length=\skip69
)
\TX@col@width=\dimen112
\TX@old@table=\dimen113
\TX@old@col=\dimen114
\TX@target=\dimen115
\TX@delta=\dimen116
\TX@cols=\count89
\TX@ftn=\toks17
)
\c@TUL@bor=\count90
\c@TULc@unter=\count91
\title@line=\skip70
)
(d:/Programs/texlive/2015/texmf-dist/tex/generic/babel/babel.sty
Package: babel 2016/02/24 3.9q The Babel package

(d:/Programs/texlive/2015/texmf-dist/tex/generic/babel-czech/czech.ldf
Language: czech 2008/07/06 v3.1a Czech support from the babel system

(d:/Programs/texlive/2015/texmf-dist/tex/generic/babel/babel.def
File: babel.def 2016/02/24 3.9q Babel common definitions
\babel@savecnt=\count92
\U@D=\dimen117
)
Package babel Info: Making " an active character on input line 172.
\cs@wordlen=\count93
Package babel Info: Making - an active character on input line 226.
))
(d:/Programs/texlive/2015/texmf-dist/tex/latex/base/inputenc.sty
Package: inputenc 2015/03/17 v1.2c Input encoding file
\inpenc@prehook=\toks18
\inpenc@posthook=\toks19

(d:/Programs/texlive/2015/texmf-dist/tex/latex/base/utf8.def
File: utf8.def 2016/02/28 v1.1s UTF-8 support for inputenc
Now handling font encoding OML ...
... no UTF-8 mapping file for font encoding OML
Now handling font encoding T1 ...
... processing UTF-8 mapping file for font encoding T1

(d:/Programs/texlive/2015/texmf-dist/tex/latex/base/t1enc.dfu
File: t1enc.dfu 2016/02/28 v1.1s UTF-8 support for inputenc
   defining Unicode char U+00A0 (decimal 160)
   defining Unicode char U+00A1 (decimal 161)
   defining Unicode char U+00A3 (decimal 163)
   defining Unicode char U+00AB (decimal 171)
   defining Unicode char U+00AD (decimal 173)
   defining Unicode char U+00BB (decimal 187)
   defining Unicode char U+00BF (decimal 191)
   defining Unicode char U+00C0 (decimal 192)
   defining Unicode char U+00C1 (decimal 193)
   defining Unicode char U+00C2 (decimal 194)
   defining Unicode char U+00C3 (decimal 195)
   defining Unicode char U+00C4 (decimal 196)
   defining Unicode char U+00C5 (decimal 197)
   defining Unicode char U+00C6 (decimal 198)
   defining Unicode char U+00C7 (decimal 199)
   defining Unicode char U+00C8 (decimal 200)
   defining Unicode char U+00C9 (decimal 201)
   defining Unicode char U+00CA (decimal 202)
   defining Unicode char U+00CB (decimal 203)
   defining Unicode char U+00CC (decimal 204)
   defining Unicode char U+00CD (decimal 205)
   defining Unicode char U+00CE (decimal 206)
   defining Unicode char U+00CF (decimal 207)
   defining Unicode char U+00D0 (decimal 208)
   defining Unicode char U+00D1 (decimal 209)
   defining Unicode char U+00D2 (decimal 210)
   defining Unicode char U+00D3 (decimal 211)
   defining Unicode char U+00D4 (decimal 212)
   defining Unicode char U+00D5 (decimal 213)
   defining Unicode char U+00D6 (decimal 214)
   defining Unicode char U+00D8 (decimal 216)
   defining Unicode char U+00D9 (decimal 217)
   defining Unicode char U+00DA (decimal 218)
   defining Unicode char U+00DB (decimal 219)
   defining Unicode char U+00DC (decimal 220)
   defining Unicode char U+00DD (decimal 221)
   defining Unicode char U+00DE (decimal 222)
   defining Unicode char U+00DF (decimal 223)
   defining Unicode char U+00E0 (decimal 224)
   defining Unicode char U+00E1 (decimal 225)
   defining Unicode char U+00E2 (decimal 226)
   defining Unicode char U+00E3 (decimal 227)
   defining Unicode char U+00E4 (decimal 228)
   defining Unicode char U+00E5 (decimal 229)
   defining Unicode char U+00E6 (decimal 230)
   defining Unicode char U+00E7 (decimal 231)
   defining Unicode char U+00E8 (decimal 232)
   defining Unicode char U+00E9 (decimal 233)
   defining Unicode char U+00EA (decimal 234)
   defining Unicode char U+00EB (decimal 235)
   defining Unicode char U+00EC (decimal 236)
   defining Unicode char U+00ED (decimal 237)
   defining Unicode char U+00EE (decimal 238)
   defining Unicode char U+00EF (decimal 239)
   defining Unicode char U+00F0 (decimal 240)
   defining Unicode char U+00F1 (decimal 241)
   defining Unicode char U+00F2 (decimal 242)
   defining Unicode char U+00F3 (decimal 243)
   defining Unicode char U+00F4 (decimal 244)
   defining Unicode char U+00F5 (decimal 245)
   defining Unicode char U+00F6 (decimal 246)
   defining Unicode char U+00F8 (decimal 248)
   defining Unicode char U+00F9 (decimal 249)
   defining Unicode char U+00FA (decimal 250)
   defining Unicode char U+00FB (decimal 251)
   defining Unicode char U+00FC (decimal 252)
   defining Unicode char U+00FD (decimal 253)
   defining Unicode char U+00FE (decimal 254)
   defining Unicode char U+00FF (decimal 255)
   defining Unicode char U+0100 (decimal 256)
   defining Unicode char U+0101 (decimal 257)
   defining Unicode char U+0102 (decimal 258)
   defining Unicode char U+0103 (decimal 259)
   defining Unicode char U+0104 (decimal 260)
   defining Unicode char U+0105 (decimal 261)
   defining Unicode char U+0106 (decimal 262)
   defining Unicode char U+0107 (decimal 263)
   defining Unicode char U+0108 (decimal 264)
   defining Unicode char U+0109 (decimal 265)
   defining Unicode char U+010A (decimal 266)
   defining Unicode char U+010B (decimal 267)
   defining Unicode char U+010C (decimal 268)
   defining Unicode char U+010D (decimal 269)
   defining Unicode char U+010E (decimal 270)
   defining Unicode char U+010F (decimal 271)
   defining Unicode char U+0110 (decimal 272)
   defining Unicode char U+0111 (decimal 273)
   defining Unicode char U+0112 (decimal 274)
   defining Unicode char U+0113 (decimal 275)
   defining Unicode char U+0114 (decimal 276)
   defining Unicode char U+0115 (decimal 277)
   defining Unicode char U+0116 (decimal 278)
   defining Unicode char U+0117 (decimal 279)
   defining Unicode char U+0118 (decimal 280)
   defining Unicode char U+0119 (decimal 281)
   defining Unicode char U+011A (decimal 282)
   defining Unicode char U+011B (decimal 283)
   defining Unicode char U+011C (decimal 284)
   defining Unicode char U+011D (decimal 285)
   defining Unicode char U+011E (decimal 286)
   defining Unicode char U+011F (decimal 287)
   defining Unicode char U+0120 (decimal 288)
   defining Unicode char U+0121 (decimal 289)
   defining Unicode char U+0122 (decimal 290)
   defining Unicode char U+0123 (decimal 291)
   defining Unicode char U+0124 (decimal 292)
   defining Unicode char U+0125 (decimal 293)
   defining Unicode char U+0128 (decimal 296)
   defining Unicode char U+0129 (decimal 297)
   defining Unicode char U+012A (decimal 298)
   defining Unicode char U+012B (decimal 299)
   defining Unicode char U+012C (decimal 300)
   defining Unicode char U+012D (decimal 301)
   defining Unicode char U+012E (decimal 302)
   defining Unicode char U+012F (decimal 303)
   defining Unicode char U+0130 (decimal 304)
   defining Unicode char U+0131 (decimal 305)
   defining Unicode char U+0132 (decimal 306)
   defining Unicode char U+0133 (decimal 307)
   defining Unicode char U+0134 (decimal 308)
   defining Unicode char U+0135 (decimal 309)
   defining Unicode char U+0136 (decimal 310)
   defining Unicode char U+0137 (decimal 311)
   defining Unicode char U+0139 (decimal 313)
   defining Unicode char U+013A (decimal 314)
   defining Unicode char U+013B (decimal 315)
   defining Unicode char U+013C (decimal 316)
   defining Unicode char U+013D (decimal 317)
   defining Unicode char U+013E (decimal 318)
   defining Unicode char U+0141 (decimal 321)
   defining Unicode char U+0142 (decimal 322)
   defining Unicode char U+0143 (decimal 323)
   defining Unicode char U+0144 (decimal 324)
   defining Unicode char U+0145 (decimal 325)
   defining Unicode char U+0146 (decimal 326)
   defining Unicode char U+0147 (decimal 327)
   defining Unicode char U+0148 (decimal 328)
   defining Unicode char U+014A (decimal 330)
   defining Unicode char U+014B (decimal 331)
   defining Unicode char U+014C (decimal 332)
   defining Unicode char U+014D (decimal 333)
   defining Unicode char U+014E (decimal 334)
   defining Unicode char U+014F (decimal 335)
   defining Unicode char U+0150 (decimal 336)
   defining Unicode char U+0151 (decimal 337)
   defining Unicode char U+0152 (decimal 338)
   defining Unicode char U+0153 (decimal 339)
   defining Unicode char U+0154 (decimal 340)
   defining Unicode char U+0155 (decimal 341)
   defining Unicode char U+0156 (decimal 342)
   defining Unicode char U+0157 (decimal 343)
   defining Unicode char U+0158 (decimal 344)
   defining Unicode char U+0159 (decimal 345)
   defining Unicode char U+015A (decimal 346)
   defining Unicode char U+015B (decimal 347)
   defining Unicode char U+015C (decimal 348)
   defining Unicode char U+015D (decimal 349)
   defining Unicode char U+015E (decimal 350)
   defining Unicode char U+015F (decimal 351)
   defining Unicode char U+0160 (decimal 352)
   defining Unicode char U+0161 (decimal 353)
   defining Unicode char U+0162 (decimal 354)
   defining Unicode char U+0163 (decimal 355)
   defining Unicode char U+0164 (decimal 356)
   defining Unicode char U+0165 (decimal 357)
   defining Unicode char U+0168 (decimal 360)
   defining Unicode char U+0169 (decimal 361)
   defining Unicode char U+016A (decimal 362)
   defining Unicode char U+016B (decimal 363)
   defining Unicode char U+016C (decimal 364)
   defining Unicode char U+016D (decimal 365)
   defining Unicode char U+016E (decimal 366)
   defining Unicode char U+016F (decimal 367)
   defining Unicode char U+0170 (decimal 368)
   defining Unicode char U+0171 (decimal 369)
   defining Unicode char U+0172 (decimal 370)
   defining Unicode char U+0173 (decimal 371)
   defining Unicode char U+0174 (decimal 372)
   defining Unicode char U+0175 (decimal 373)
   defining Unicode char U+0176 (decimal 374)
   defining Unicode char U+0177 (decimal 375)
   defining Unicode char U+0178 (decimal 376)
   defining Unicode char U+0179 (decimal 377)
   defining Unicode char U+017A (decimal 378)
   defining Unicode char U+017B (decimal 379)
   defining Unicode char U+017C (decimal 380)
   defining Unicode char U+017D (decimal 381)
   defining Unicode char U+017E (decimal 382)
   defining Unicode char U+01CD (decimal 461)
   defining Unicode char U+01CE (decimal 462)
   defining Unicode char U+01CF (decimal 463)
   defining Unicode char U+01D0 (decimal 464)
   defining Unicode char U+01D1 (decimal 465)
   defining Unicode char U+01D2 (decimal 466)
   defining Unicode char U+01D3 (decimal 467)
   defining Unicode char U+01D4 (decimal 468)
   defining Unicode char U+01E2 (decimal 482)
   defining Unicode char U+01E3 (decimal 483)
   defining Unicode char U+01E6 (decimal 486)
   defining Unicode char U+01E7 (decimal 487)
   defining Unicode char U+01E8 (decimal 488)
   defining Unicode char U+01E9 (decimal 489)
   defining Unicode char U+01EA (decimal 490)
   defining Unicode char U+01EB (decimal 491)
   defining Unicode char U+01F0 (decimal 496)
   defining Unicode char U+01F4 (decimal 500)
   defining Unicode char U+01F5 (decimal 501)
   defining Unicode char U+0218 (decimal 536)
   defining Unicode char U+0219 (decimal 537)
   defining Unicode char U+021A (decimal 538)
   defining Unicode char U+021B (decimal 539)
   defining Unicode char U+1E02 (decimal 7682)
   defining Unicode char U+1E03 (decimal 7683)
   defining Unicode char U+200C (decimal 8204)
   defining Unicode char U+2010 (decimal 8208)
   defining Unicode char U+2011 (decimal 8209)
   defining Unicode char U+2012 (decimal 8210)
   defining Unicode char U+2013 (decimal 8211)
   defining Unicode char U+2014 (decimal 8212)
   defining Unicode char U+2015 (decimal 8213)
   defining Unicode char U+2018 (decimal 8216)
   defining Unicode char U+2019 (decimal 8217)
   defining Unicode char U+201A (decimal 8218)
   defining Unicode char U+201C (decimal 8220)
   defining Unicode char U+201D (decimal 8221)
   defining Unicode char U+201E (decimal 8222)
   defining Unicode char U+2030 (decimal 8240)
   defining Unicode char U+2031 (decimal 8241)
   defining Unicode char U+2039 (decimal 8249)
   defining Unicode char U+203A (decimal 8250)
   defining Unicode char U+2423 (decimal 9251)
)
Now handling font encoding OT1 ...
... processing UTF-8 mapping file for font encoding OT1

(d:/Programs/texlive/2015/texmf-dist/tex/latex/base/ot1enc.dfu
File: ot1enc.dfu 2016/02/28 v1.1s UTF-8 support for inputenc
   defining Unicode char U+00A0 (decimal 160)
   defining Unicode char U+00A1 (decimal 161)
   defining Unicode char U+00A3 (decimal 163)
   defining Unicode char U+00AD (decimal 173)
   defining Unicode char U+00B8 (decimal 184)
   defining Unicode char U+00BF (decimal 191)
   defining Unicode char U+00C5 (decimal 197)
   defining Unicode char U+00C6 (decimal 198)
   defining Unicode char U+00D8 (decimal 216)
   defining Unicode char U+00DF (decimal 223)
   defining Unicode char U+00E6 (decimal 230)
   defining Unicode char U+00EC (decimal 236)
   defining Unicode char U+00ED (decimal 237)
   defining Unicode char U+00EE (decimal 238)
   defining Unicode char U+00EF (decimal 239)
   defining Unicode char U+00F8 (decimal 248)
   defining Unicode char U+0131 (decimal 305)
   defining Unicode char U+0141 (decimal 321)
   defining Unicode char U+0142 (decimal 322)
   defining Unicode char U+0152 (decimal 338)
   defining Unicode char U+0153 (decimal 339)
   defining Unicode char U+0174 (decimal 372)
   defining Unicode char U+0175 (decimal 373)
   defining Unicode char U+0176 (decimal 374)
   defining Unicode char U+0177 (decimal 375)
   defining Unicode char U+0218 (decimal 536)
   defining Unicode char U+0219 (decimal 537)
   defining Unicode char U+021A (decimal 538)
   defining Unicode char U+021B (decimal 539)
   defining Unicode char U+2013 (decimal 8211)
   defining Unicode char U+2014 (decimal 8212)
   defining Unicode char U+2018 (decimal 8216)
   defining Unicode char U+2019 (decimal 8217)
   defining Unicode char U+201C (decimal 8220)
   defining Unicode char U+201D (decimal 8221)
)
Now handling font encoding OMS ...
... processing UTF-8 mapping file for font encoding OMS

(d:/Programs/texlive/2015/texmf-dist/tex/latex/base/omsenc.dfu
File: omsenc.dfu 2016/02/28 v1.1s UTF-8 support for inputenc
   defining Unicode char U+00A7 (decimal 167)
   defining Unicode char U+00B6 (decimal 182)
   defining Unicode char U+00B7 (decimal 183)
   defining Unicode char U+2020 (decimal 8224)
   defining Unicode char U+2021 (decimal 8225)
   defining Unicode char U+2022 (decimal 8226)
)
Now handling font encoding OMX ...
... no UTF-8 mapping file for font encoding OMX
Now handling font encoding U ...
... no UTF-8 mapping file for font encoding U
   defining Unicode char U+00A9 (decimal 169)
   defining Unicode char U+00AA (decimal 170)
   defining Unicode char U+00AE (decimal 174)
   defining Unicode char U+00BA (decimal 186)
   defining Unicode char U+02C6 (decimal 710)
   defining Unicode char U+02DC (decimal 732)
   defining Unicode char U+200C (decimal 8204)
   defining Unicode char U+2026 (decimal 8230)
   defining Unicode char U+2122 (decimal 8482)
   defining Unicode char U+2423 (decimal 9251)
))
(d:/Programs/texlive/2015/texmf-dist/tex/latex/float/float.sty
Package: float 2001/11/08 v1.3d Float enhancements (AL)
\c@float@type=\count94
\float@exts=\toks20
\float@box=\box31
\@float@everytoks=\toks21
\@floatcapt=\box32
)
(d:/Programs/texlive/2015/texmf-dist/tex/latex/hyperref/hyperref.sty
Package: hyperref 2012/11/06 v6.83m Hypertext links for LaTeX

(d:/Programs/texlive/2015/texmf-dist/tex/generic/oberdiek/hobsub-hyperref.sty
Package: hobsub-hyperref 2012/05/28 v1.13 Bundle oberdiek, subset hyperref (HO)


(d:/Programs/texlive/2015/texmf-dist/tex/generic/oberdiek/hobsub-generic.sty
Package: hobsub-generic 2012/05/28 v1.13 Bundle oberdiek, subset generic (HO)
Package: hobsub 2012/05/28 v1.13 Construct package bundles (HO)
Package hobsub Info: Skipping package `infwarerr' (already loaded).
Package hobsub Info: Skipping package `ltxcmds' (already loaded).
Package: ifluatex 2010/03/01 v1.3 Provides the ifluatex switch (HO)
Package ifluatex Info: LuaTeX not detected.
Package: ifvtex 2010/03/01 v1.5 Detect VTeX and its facilities (HO)
Package ifvtex Info: VTeX not detected.
Package: intcalc 2007/09/27 v1.1 Expandable calculations with integers (HO)
Package: ifpdf 2011/01/30 v2.3 Provides the ifpdf switch (HO)
Package ifpdf Info: pdfTeX in PDF mode is detected.
Package: etexcmds 2011/02/16 v1.5 Avoid name clashes with e-TeX commands (HO)
Package etexcmds Info: Could not find \expanded.
(etexcmds)             That can mean that you are not using pdfTeX 1.50 or
(etexcmds)             that some package has redefined \expanded.
(etexcmds)             In the latter case, load this package earlier.
Package: kvsetkeys 2012/04/25 v1.16 Key value parser (HO)
Package: kvdefinekeys 2011/04/07 v1.3 Define keys (HO)
Package: pdftexcmds 2011/11/29 v0.20 Utility functions of pdfTeX for LuaTeX (HO
)
Package pdftexcmds Info: LuaTeX not detected.
Package pdftexcmds Info: \pdf@primitive is available.
Package pdftexcmds Info: \pdf@ifprimitive is available.
Package pdftexcmds Info: \pdfdraftmode found.
Package: pdfescape 2011/11/25 v1.13 Implements pdfTeX's escape features (HO)
Package: bigintcalc 2012/04/08 v1.3 Expandable calculations on big integers (HO
)
Package: bitset 2011/01/30 v1.1 Handle bit-vector datatype (HO)
Package: uniquecounter 2011/01/30 v1.2 Provide unlimited unique counter (HO)
)
Package hobsub Info: Skipping package `hobsub' (already loaded).
Package: letltxmacro 2010/09/02 v1.4 Let assignment for LaTeX macros (HO)
Package: hopatch 2012/05/28 v1.2 Wrapper for package hooks (HO)
Package: xcolor-patch 2011/01/30 xcolor patch
Package: atveryend 2011/06/30 v1.8 Hooks at the very end of document (HO)
Package atveryend Info: \enddocument detected (standard20110627).
Package: atbegshi 2011/10/05 v1.16 At begin shipout hook (HO)
Package: refcount 2011/10/16 v3.4 Data extraction from label references (HO)
Package: hycolor 2011/01/30 v1.7 Color options for hyperref/bookmark (HO)
)
(d:/Programs/texlive/2015/texmf-dist/tex/generic/ifxetex/ifxetex.sty
Package: ifxetex 2010/09/12 v0.6 Provides ifxetex conditional
)
(d:/Programs/texlive/2015/texmf-dist/tex/latex/oberdiek/auxhook.sty
Package: auxhook 2011/03/04 v1.3 Hooks for auxiliary files (HO)
)
(d:/Programs/texlive/2015/texmf-dist/tex/latex/oberdiek/kvoptions.sty
Package: kvoptions 2011/06/30 v3.11 Key value format for package options (HO)
)
\@linkdim=\dimen118
\Hy@linkcounter=\count95
\Hy@pagecounter=\count96

(d:/Programs/texlive/2015/texmf-dist/tex/latex/hyperref/pd1enc.def
File: pd1enc.def 2012/11/06 v6.83m Hyperref: PDFDocEncoding definition (HO)
Now handling font encoding PD1 ...
... no UTF-8 mapping file for font encoding PD1
)
\Hy@SavedSpaceFactor=\count97

(d:/Programs/texlive/2015/texmf-dist/tex/latex/latexconfig/hyperref.cfg
File: hyperref.cfg 2002/06/06 v1.2 hyperref configuration of TeXLive
)
Package hyperref Info: Hyper figures OFF on input line 4443.
Package hyperref Info: Link nesting OFF on input line 4448.
Package hyperref Info: Hyper index ON on input line 4451.
Package hyperref Info: Plain pages OFF on input line 4458.
Package hyperref Info: Backreferencing OFF on input line 4463.
Package hyperref Info: Implicit mode ON; LaTeX internals redefined.
Package hyperref Info: Bookmarks ON on input line 4688.
\c@Hy@tempcnt=\count98

(d:/Programs/texlive/2015/texmf-dist/tex/latex/url/url.sty
\Urlmuskip=\muskip10
Package: url 2013/09/16  ver 3.4  Verb mode for urls, etc.
)
LaTeX Info: Redefining \url on input line 5041.
\XeTeXLinkMargin=\dimen119
\Fld@menulength=\count99
\Field@Width=\dimen120
\Fld@charsize=\dimen121
Package hyperref Info: Hyper figures OFF on input line 6295.
Package hyperref Info: Link nesting OFF on input line 6300.
Package hyperref Info: Hyper index ON on input line 6303.
Package hyperref Info: backreferencing OFF on input line 6310.
Package hyperref Info: Link coloring OFF on input line 6315.
Package hyperref Info: Link coloring with OCG OFF on input line 6320.
Package hyperref Info: PDF/A mode OFF on input line 6325.
LaTeX Info: Redefining \ref on input line 6365.
LaTeX Info: Redefining \pageref on input line 6369.
\Hy@abspage=\count100
\c@Item=\count101
\c@Hfootnote=\count102
)

Package hyperref Message: Driver (autodetected): hpdftex.

(d:/Programs/texlive/2015/texmf-dist/tex/latex/hyperref/hpdftex.def
File: hpdftex.def 2012/11/06 v6.83m Hyperref driver for pdfTeX
\Fld@listcount=\count103
\c@bookmark@seq@number=\count104

(d:/Programs/texlive/2015/texmf-dist/tex/latex/oberdiek/rerunfilecheck.sty
Package: rerunfilecheck 2011/04/15 v1.7 Rerun checks for auxiliary files (HO)
Package uniquecounter Info: New unique counter `rerunfilecheck' on input line 2
82.
)
\Hy@SectionHShift=\skip71
)
(./Bakaláøská práce.aux

LaTeX Warning: Label `image' multiply defined.


LaTeX Warning: Label `image' multiply defined.


LaTeX Warning: Label `image' multiply defined.


LaTeX Warning: Label `image' multiply defined.


LaTeX Warning: Label `image' multiply defined.


LaTeX Warning: Label `LaTeX' multiply defined.

)
\openout1 = `"Bakaláøská práce.aux"'.

LaTeX Font Info:    Checking defaults for OML/cmm/m/it on input line 15.
LaTeX Font Info:    ... okay on input line 15.
LaTeX Font Info:    Checking defaults for T1/cmr/m/n on input line 15.
LaTeX Font Info:    ... okay on input line 15.
LaTeX Font Info:    Checking defaults for OT1/cmr/m/n on input line 15.
LaTeX Font Info:    ... okay on input line 15.
LaTeX Font Info:    Checking defaults for OMS/cmsy/m/n on input line 15.
LaTeX Font Info:    ... okay on input line 15.
LaTeX Font Info:    Checking defaults for OMX/cmex/m/n on input line 15.
LaTeX Font Info:    ... okay on input line 15.
LaTeX Font Info:    Checking defaults for U/cmr/m/n on input line 15.
LaTeX Font Info:    ... okay on input line 15.
LaTeX Font Info:    Checking defaults for PD1/pdf/m/n on input line 15.
LaTeX Font Info:    ... okay on input line 15.
 (d:/Programs/texlive/2015/texmf-dist/tex/context/base/supp-pdf.mkii
[Loading MPS to PDF converter (version 2006.09.02).]
\scratchcounter=\count105
\scratchdimen=\dimen122
\scratchbox=\box33
\nofMPsegments=\count106
\nofMParguments=\count107
\everyMPshowfont=\toks22
\MPscratchCnt=\count108
\MPscratchDim=\dimen123
\MPnumerator=\count109
\makeMPintoPDFobject=\count110
\everyMPtoPDFconversion=\toks23
) (d:/Programs/texlive/2015/texmf-dist/tex/latex/oberdiek/epstopdf-base.sty
Package: epstopdf-base 2010/02/09 v2.5 Base part for package epstopdf

(d:/Programs/texlive/2015/texmf-dist/tex/latex/oberdiek/grfext.sty
Package: grfext 2010/08/19 v1.1 Manage graphics extensions (HO)
)
Package grfext Info: Graphics extension search list:
(grfext)             [.png,.pdf,.jpg,.mps,.jpeg,.jbig2,.jb2,.PNG,.PDF,.JPG,.JPE
G,.JBIG2,.JB2,.eps]
(grfext)             \AppendGraphicsExtensions on input line 452.

(d:/Programs/texlive/2015/texmf-dist/tex/latex/latexconfig/epstopdf-sys.cfg
File: epstopdf-sys.cfg 2010/07/13 v1.3 Configuration of (r)epstopdf for TeX Liv
e
))
\AtBeginShipoutBox=\box34
Package hyperref Info: Link coloring OFF on input line 15.

(d:/Programs/texlive/2015/texmf-dist/tex/latex/hyperref/nameref.sty
Package: nameref 2012/10/27 v2.43 Cross-referencing by name of section

(d:/Programs/texlive/2015/texmf-dist/tex/generic/oberdiek/gettitlestring.sty
Package: gettitlestring 2010/12/03 v1.4 Cleanup title references (HO)
)
\c@section@level=\count111
)
LaTeX Info: Redefining \ref on input line 15.
LaTeX Info: Redefining \pageref on input line 15.
LaTeX Info: Redefining \nameref on input line 15.

(./Bakaláøská práce.out) (./Bakaláøská práce.out)
\@outlinefile=\write3
\openout3 = `"Bakaláøská práce.out"'.


<logo-fm.pdf, id=281, 254.6062pt x 45.03696pt>
File: logo-fm.pdf Graphic file (type pdf)
 <use logo-fm.pdf>
Package pdftex.def Info: logo-fm.pdf used on input line 16.
(pdftex.def)             Requested size: 254.60558pt x 45.03682pt.
 [1

{d:/Programs/texlive/2015/texmf-var/fonts/map/pdftex/updmap/pdftex.map} <c:/Use
rs/morav/texmf/tex/latex/tulthesis/logo-fm.pdf>]
<logo-fm-en.pdf, id=293, 262.84398pt x 44.71245pt>
File: logo-fm-en.pdf Graphic file (type pdf)
 <use logo-fm-en.pdf>
Package pdftex.def Info: logo-fm-en.pdf used on input line 16.
(pdftex.def)             Requested size: 262.84334pt x 44.71233pt.

[2

 <c:/Users/morav/texmf/tex/latex/tulthesis/logo-fm-en.pdf>] [3

]
LaTeX Font Info:    Try loading font information for OMS+cmr on input line 16.

(d:/Programs/texlive/2015/texmf-dist/tex/latex/base/omscmr.fd
File: omscmr.fd 2014/09/29 v2.5h Standard LaTeX font definitions
)
LaTeX Font Info:    Font shape `OMS/cmr/m/n' in size <12> not available
(Font)              Font shape `OMS/cmsy/m/n' tried instead on input line 16.
 [4

] [5

] [6

]
(./Bakaláøská práce.toc [7

])
\tf@toc=\write4
\openout4 = `"Bakaláøská práce.toc"'.

 [8] [9

]
Kapitola 1.
[10


]
Kapitola 2.

Package hyperref Warning: Composite letter `\textasciicaron+r'
(hyperref)                not defined in PD1 encoding,
(hyperref)                removing `\textasciicaron' on input line 53.


Package hyperref Warning: Composite letter `\textasciicaron+r'
(hyperref)                not defined in PD1 encoding,
(hyperref)                removing `\textasciicaron' on input line 59.

[11

]

Package hyperref Warning: Composite letter `\textasciicaron+c'
(hyperref)                not defined in PD1 encoding,
(hyperref)                removing `\textasciicaron' on input line 73.

[12]

Package hyperref Warning: Composite letter `\textasciicaron+c'
(hyperref)                not defined in PD1 encoding,
(hyperref)                removing `\textasciicaron' on input line 76.


Overfull \hbox (0.18617pt too wide) in paragraph at lines 77--78
\OT1/cmr/m/n/12 Za^^Tr^^S^^Pzen^^S^^P mus^^S^^P b^^Syt nen^^Saro^^Tcn^^Se na ^^
Sudr^^Tzbu, to zna-men^^Sa nap^^Tr^^S^^Pklad v^^Sym^^Tenu, nebo dob^^S^^Pjen^^S
^^P
 []


Package hyperref Warning: Composite letter `\textasciicaron+c'
(hyperref)                not defined in PD1 encoding,
(hyperref)                removing `\textasciicaron' on input line 79.


Overfull \hbox (5.20834pt too wide) in paragraph at lines 80--81
\OT1/cmr/m/n/12 kter^^Se n^^Tekter^^Se mo-dely ani ne-maj^^S^^P. V^^Tet^^Tsina 
do-stupn^^Sych mo-del^^Wu je p^^Treprodejem ^^Tc^^S^^Pnsk^^Sych
 []

[13]

Package hyperref Warning: Composite letter `\textasciicaron+r'
(hyperref)                not defined in PD1 encoding,
(hyperref)                removing `\textasciicaron' on input line 85.


Package hyperref Warning: Composite letter `\textasciicaron+e'
(hyperref)                not defined in PD1 encoding,
(hyperref)                removing `\textasciicaron' on input line 85.

[14]
Kapitola 3.

Package hyperref Warning: Composite letter `\textasciicaron+r'
(hyperref)                not defined in PD1 encoding,
(hyperref)                removing `\textasciicaron' on input line 99.


Package hyperref Warning: Composite letter `\textasciicaron+c'
(hyperref)                not defined in PD1 encoding,
(hyperref)                removing `\textasciicaron' on input line 99.


Package hyperref Warning: Composite letter `\textasciicaron+r'
(hyperref)                not defined in PD1 encoding,
(hyperref)                removing `\textasciicaron' on input line 107.


Package hyperref Warning: Composite letter `\textasciicaron+r'
(hyperref)                not defined in PD1 encoding,
(hyperref)                removing `\textasciicaron' on input line 107.


Package hyperref Warning: Composite letter `\textasciicaron+c'
(hyperref)                not defined in PD1 encoding,
(hyperref)                removing `\textasciicaron' on input line 107.

[15

]

Package hyperref Warning: Composite letter `\textasciicaron+r'
(hyperref)                not defined in PD1 encoding,
(hyperref)                removing `\textasciicaron' on input line 119.


Package hyperref Warning: Composite letter `\textasciicaron+c'
(hyperref)                not defined in PD1 encoding,
(hyperref)                removing `\textasciicaron' on input line 119.


Package hyperref Warning: Composite letter `\textasciicaron+r'
(hyperref)                not defined in PD1 encoding,
(hyperref)                removing `\textasciicaron' on input line 131.


Package hyperref Warning: Composite letter `\textasciicaron+c'
(hyperref)                not defined in PD1 encoding,
(hyperref)                removing `\textasciicaron' on input line 131.

[16]
Overfull \hbox (18.5158pt too wide) in paragraph at lines 149--183
 [] 
 []

[17]

Package hyperref Warning: Composite letter `\textasciicaron+r'
(hyperref)                not defined in PD1 encoding,
(hyperref)                removing `\textasciicaron' on input line 189.


Overfull \hbox (19.24292pt too wide) in paragraph at lines 190--191
\OT1/cmr/m/n/12 d^^Wule^^Tzitosti p^^Tri v^^Syb^^Teru z^^Sakazn^^S^^Pkem, mezi 
do-stupn^^Symi pro-dukty na ^^Tcesk^^Sem trhu. Ide^^Saln^^S^^Pmu
 []

[18]

Package hyperref Warning: Composite letter `\textasciicaron+e'
(hyperref)                not defined in PD1 encoding,
(hyperref)                removing `\textasciicaron' on input line 202.


Package hyperref Warning: Composite letter `\textring+u'
(hyperref)                not defined in PD1 encoding,
(hyperref)                removing `\textring' on input line 202.


Overfull \hbox (3.0542pt too wide) in paragraph at lines 205--206
[]\OT1/cmr/m/n/12 Vzhledem k tomu, ^^Tze pr^^Sace p^^Tren^^Sa^^Ts^^S^^P vlast-n
osti, ze st^^Tredn^^S^^P t^^Tr^^S^^Pdy sle-do-vac^^S^^Pch za^^Tr^^S^^Pzen^^S^^P
,
 []

[19] [20]
Overfull \hbox (26.1623pt too wide) in paragraph at lines 273--274
\OT1/cmr/m/n/12 jsou zkrat-kami a kom-bi-na-cemi slov z an-g-lick^^Seho ja-zyka
 (0). Na-sta-vi-tel-nost je nadpr^^Wum^^Tern^^Sa
 []

[21] [22] [23]
<graphs/graf_bodoveHodnoceni.pdf, id=465, 448.51427pt x 267.1812pt>
File: graphs/graf_bodoveHodnoceni.pdf Graphic file (type pdf)

<use graphs/graf_bodoveHodnoceni.pdf>
Package pdftex.def Info: graphs/graf_bodoveHodnoceni.pdf used on input line 357
.
(pdftex.def)             Requested size: 426.79134pt x 254.24467pt.
 [24 <./graphs/graf_bodoveHodnoceni.pdf>]
Kapitola 4.

Package hyperref Warning: Composite letter `\textasciicaron+R'
(hyperref)                not defined in PD1 encoding,
(hyperref)                removing `\textasciicaron' on input line 368.


Package hyperref Warning: Composite letter `\textasciicaron+c'
(hyperref)                not defined in PD1 encoding,
(hyperref)                removing `\textasciicaron' on input line 371.

[25

] <graphs/schema_blokove.pdf, id=490, 325.215pt x 236.38312pt>
File: graphs/schema_blokove.pdf Graphic file (type pdf)

<use graphs/schema_blokove.pdf>
Package pdftex.def Info: graphs/schema_blokove.pdf used on input line 385.
(pdftex.def)             Requested size: 426.79134pt x 310.23764pt.
 [26] [27 <./graphs/schema_blokove.pdf>]
Kapitola 5.
<images/arduino.png, id=518, 180.675pt x 180.675pt>
File: images/arduino.png Graphic file (type png)
 <use images/arduino.png>
Package pdftex.def Info: images/arduino.png used on input line 401.
(pdftex.def)             Requested size: 213.39566pt x 213.39864pt.


Package hyperref Warning: Composite letter `\textasciicaron+c'
(hyperref)                not defined in PD1 encoding,
(hyperref)                removing `\textasciicaron' on input line 407.

[28

 <./images/arduino.png>] <images/module.png, id=532, 216.81pt x 144.54pt>
File: images/module.png Graphic file (type png)

<use images/module.png>
Package pdftex.def Info: images/module.png used on input line 412.
(pdftex.def)             Requested size: 341.43436pt x 227.65167pt.
 <images/akcelerometr.png, id=535, 602.25pt x 602.25pt>
File: images/akcelerometr.png Graphic file (type png)

<use images/akcelerometr.png>
Package pdftex.def Info: images/akcelerometr.png used on input line 423.
(pdftex.def)             Requested size: 213.39566pt x 213.4005pt.
 [29 <./images/module.png>] [30 <./images/akcelerometr.png>]
Kapitola 6.

Package hyperref Warning: Composite letter `\textasciicaron+r'
(hyperref)                not defined in PD1 encoding,
(hyperref)                removing `\textasciicaron' on input line 471.

<images/arduino-ide.png, id=560, 386.19281pt x 292.84406pt>
File: images/arduino-ide.png Graphic file (type png)

<use images/arduino-ide.png>
Package pdftex.def Info: images/arduino-ide.png used on input line 476.
(pdftex.def)             Requested size: 341.43436pt x 258.90556pt.
 [31

]

Package hyperref Warning: Composite letter `\textasciicaron+c'
(hyperref)                not defined in PD1 encoding,
(hyperref)                removing `\textasciicaron' on input line 482.

[32 <./images/arduino-ide.png>]

Package hyperref Warning: Composite letter `\textasciicaron+c'
(hyperref)                not defined in PD1 encoding,
(hyperref)                removing `\textasciicaron' on input line 491.


Package hyperref Warning: Composite letter `\textasciicaron+r'
(hyperref)                not defined in PD1 encoding,
(hyperref)                removing `\textasciicaron' on input line 497.


Package hyperref Warning: Composite letter `\textasciicaron+e'
(hyperref)                not defined in PD1 encoding,
(hyperref)                removing `\textasciicaron' on input line 503.


Package hyperref Warning: Composite letter `\textasciicaron+n'
(hyperref)                not defined in PD1 encoding,
(hyperref)                removing `\textasciicaron' on input line 503.

[33]

Package hyperref Warning: Composite letter `\textasciicaron+c'
(hyperref)                not defined in PD1 encoding,
(hyperref)                removing `\textasciicaron' on input line 512.


Package hyperref Warning: Composite letter `\textasciicaron+r'
(hyperref)                not defined in PD1 encoding,
(hyperref)                removing `\textasciicaron' on input line 527.


Package hyperref Warning: Composite letter `\textasciicaron+c'
(hyperref)                not defined in PD1 encoding,
(hyperref)                removing `\textasciicaron' on input line 530.


Package hyperref Warning: Composite letter `\textasciicaron+c'
(hyperref)                not defined in PD1 encoding,
(hyperref)                removing `\textasciicaron' on input line 533.


Package hyperref Warning: Composite letter `\textasciicaron+r'
(hyperref)                not defined in PD1 encoding,
(hyperref)                removing `\textasciicaron' on input line 533.


Package hyperref Warning: Composite letter `\textasciicaron+c'
(hyperref)                not defined in PD1 encoding,
(hyperref)                removing `\textasciicaron' on input line 536.


Package hyperref Warning: Composite letter `\textasciicaron+r'
(hyperref)                not defined in PD1 encoding,
(hyperref)                removing `\textasciicaron' on input line 536.


Package hyperref Warning: Composite letter `\textasciicaron+c'
(hyperref)                not defined in PD1 encoding,
(hyperref)                removing `\textasciicaron' on input line 539.

[34] [35]
Kapitola 7.

Package hyperref Warning: Composite letter `\textasciicaron+e'
(hyperref)                not defined in PD1 encoding,
(hyperref)                removing `\textasciicaron' on input line 544.


Package hyperref Warning: Composite letter `\textasciicaron+r'
(hyperref)                not defined in PD1 encoding,
(hyperref)                removing `\textasciicaron' on input line 547.

[36

]
Underfull \hbox (badness 10000) in paragraph at lines 554--555
[]\OT1/cmr/m/n/12 SATRAPA, Pa-vel. La-TeX pro prag-ma-tiky [on-
 []


Underfull \hbox (badness 10000) in paragraph at lines 554--555
\OT1/cmr/m/n/12 line]. 2011, 87 s. [cit. 2016-05-07]. Do-stupn^^Se z:
 []


Underfull \hbox (badness 10000) in paragraph at lines 555--556
[]\OT1/cmr/m/n/12 SATRAPA, Pa-vel. Stru^^Tcn^^Sy p^^Trehled p^^Tr^^S^^Pkaz^^Wu 
La-TeXu
 []


Underfull \hbox (badness 10000) in paragraph at lines 555--556
\OT1/cmr/m/n/12 [on-line]. 2011, 2 s. [cit. 2016-05-07]. Do-stupn^^Se z:
 []


Underfull \hbox (badness 10000) in paragraph at lines 556--557
[]\OT1/cmr/m/n/12 SIRF TECH-NO-LOGY, INC. NMEA Re-fe-rence Ma-nual [on-
 []


Underfull \hbox (badness 1303) in paragraph at lines 556--557
\OT1/cmr/m/n/12 line]. 2.1. San Jose., 2007, 27 s. [cit. 2016-05-07]. Do-stupn^
^Se z:
 []


Underfull \hbox (badness 10000) in paragraph at lines 556--557
\OT1/cmr/m/n/12 https://www.sparkfun.com/datasheets/GPS/NMEA%20Reference%
 []


Underfull \hbox (badness 7133) in paragraph at lines 557--558
[]\OT1/cmr/m/n/12 CSR PLC. NMEA Re-fe-rence Gu-ide [on-line]. 2. Cambridge:
 []


Underfull \hbox (badness 10000) in paragraph at lines 557--558
\OT1/cmr/m/n/12 CSR plc, 2011, 50 s. [cit. 2016-05-07]. Do-stupn^^Se z:
 []


Underfull \hbox (badness 10000) in paragraph at lines 557--558
\OT1/cmr/m/n/12 http://www.inventeksys.com/wp-content/uploads/2012/05/NMEA-
 []


Underfull \hbox (badness 4156) in paragraph at lines 558--559
[]\OT1/cmr/m/n/12 SIMCOM WI-RE-LESS SO-LU-TI-ONS. SIM908 Hard-ware De-sign
 []


Underfull \hbox (badness 1314) in paragraph at lines 558--559
\OT1/cmr/m/n/12 [on-line]. 2. Jin-zhong, 2012, 53 s. [cit. 2016-05-07]. Do-stup
n^^Se z:
 []


Underfull \hbox (badness 10000) in paragraph at lines 558--559
\OT1/cmr/m/n/12 http://www.niplesoft.net/blog/wp-content/uploads/2016/02/SIM908
-
 []


Underfull \hbox (badness 10000) in paragraph at lines 559--560
[]\OT1/cmr/m/n/12 SIMCOM WI-RE-LESS SO-LU-TI-ONS. SIM908 AT Com-mand
 []


Underfull \hbox (badness 3029) in paragraph at lines 559--560
\OT1/cmr/m/n/12 Ma-nual [on-line]. Jin-zhong, 2011, 249 s. [cit. 2016-05-07]. D
o-
 []


Underfull \hbox (badness 10000) in paragraph at lines 559--560
\OT1/cmr/m/n/12 stupn^^Se z: http://www.dfrobot.com/image/data/TEL0051/3.0/
 []


Underfull \hbox (badness 10000) in paragraph at lines 560--561
[]\OT1/cmr/m/n/12 DFROBOT. GSM+GPRS+GPS V3.0 sche-ma-tic [on-
 []


Underfull \hbox (badness 10000) in paragraph at lines 560--561
\OT1/cmr/m/n/12 line]. Shan-ghai, 2013, 1 s. [cit. 2016-05-07]. Do-stupn^^Se z:

 []


Underfull \hbox (badness 10000) in paragraph at lines 560--561
\OT1/cmr/m/n/12 http://www.dfrobot.com/image/data/TEL0051/GSM+GPRS+GPS
 []


Underfull \hbox (badness 10000) in paragraph at lines 561--562
[]\OT1/cmr/m/n/12 GPS/GPRS/GSM Mo-dule V3.0 (SKU:TEL0051). DFRo-
 []


Underfull \hbox (badness 10000) in paragraph at lines 561--562
\OT1/cmr/m/n/12 bot Wiki [on-line]. [cit. 2016-05-07]. Do-stupn^^Se z:
 []


Underfull \hbox (badness 10000) in paragraph at lines 561--562
\OT1/cmr/m/n/12 http://www.dfrobot.com/wiki/index.php/GPS/GPRS/GSM[]Module
 []


Underfull \hbox (badness 10000) in paragraph at lines 562--563
[]\OT1/cmr/m/n/12 ARDUINO LLC. Ar-duino Sche-ma-tic [on-
 []


Underfull \hbox (badness 10000) in paragraph at lines 562--563
\OT1/cmr/m/n/12 line]. 1 s. [cit. 2016-05-07]. Do-stupn^^Se z:
 []


Underfull \hbox (badness 10000) in paragraph at lines 562--563
\OT1/cmr/m/n/12 https://www.arduino.cc/en/uploads/Main/Arduino[]Uno[]Rev3-
 []

[37

pdfTeX warning (ext4): destination with the same identifier (name{cite.LaTeX}) 
has been already used, duplicate ignored

\AtBegShi@Output ...ipout \box \AtBeginShipoutBox 
                                                  \fi \fi 
l.563 \bibitem{Arduino acce}
                            ARDUINO LLC. MPU-6050 Accelerometer + Gyro [onli...
]
Underfull \hbox (badness 10000) in paragraph at lines 565--566
[]\OT1/cmr/m/n/12 STOFFREGEN, Paul. I2cdevlib - MPU6050 [on-
 []


Underfull \hbox (badness 10000) in paragraph at lines 565--566
\OT1/cmr/m/n/12 line]. 2012, 2016-04-07 [cit. 2016-05-08]. Do-stupn^^Se z:
 []


Underfull \hbox (badness 10000) in paragraph at lines 565--566
\OT1/cmr/m/n/12 https://github.com/jrowberg/i2cdevlib/tree/master/Arduino/MPU60

 []


Overfull \hbox (5.98907pt too wide) in paragraph at lines 572--573
[]\OT1/cmr/m/n/12 ATMEL COR-PO-RATION. AT-mega48A/PA/88A/PA/168A/PA/328/P
 []


Underfull \hbox (badness 7907) in paragraph at lines 572--573
\OT1/cmr/m/n/12 Da-ta-sheet [on-line]. 2015, 660 s. [cit. 2016-05-07]. Do-stupn
^^Se
 []


Underfull \hbox (badness 10000) in paragraph at lines 572--573
\OT1/cmr/m/n/12 z: http://www.atmel.com/images/Atmel-8271-8-bit-AVR-
 []


Underfull \hbox (badness 10000) in paragraph at lines 572--573
\OT1/cmr/m/n/12 Microcontroller-ATmega48A-48PA-88A-88PA-168A-168PA-328-328P[]
 []

Package atveryend Info: Empty hook `BeforeClearDocument' on input line 579.
[38]
Package atveryend Info: Empty hook `AfterLastShipout' on input line 579.
 (./Bakaláøská práce.aux)
Package atveryend Info: Executing hook `AtVeryEndDocument' on input line 579.
Package atveryend Info: Executing hook `AtEndAfterFileList' on input line 579.
Package rerunfilecheck Info: File `"Bakaláøská práce".out' has not changed.
(rerunfilecheck)             Checksum: D026F1F7054FEC13C750459F6FB6D92A;5272.


LaTeX Warning: There were multiply-defined labels.

Package atveryend Info: Empty hook `AtVeryVeryEnd' on input line 579.
 ) 
Here is how much of TeX's memory you used:
 7408 strings out of 493027
 103485 string characters out of 6133617
 215950 words of memory out of 5000000
 10715 multiletter control sequences out of 15000+600000
 10992 words of font info for 38 fonts, out of 8000000 for 9000
 1141 hyphenation exceptions out of 8191
 43i,12n,54p,1351b,456s stack positions out of 5000i,500n,10000p,200000b,80000s
<d:/Programs/texlive/2015/texmf-dist/fonts/type1/public/amsfonts/cm/cmbx12.pf
b><d:/Programs/texlive/2015/texmf-dist/fonts/type1/public/amsfonts/cm/cmr12.pfb
><d:/Programs/texlive/2015/texmf-dist/fonts/type1/public/amsfonts/cm/cmr17.pfb>
<d:/Programs/texlive/2015/texmf-dist/fonts/type1/public/amsfonts/cm/cmss12.pfb>
<d:/Programs/texlive/2015/texmf-dist/fonts/type1/public/amsfonts/cm/cmssbx10.pf
b><d:/Programs/texlive/2015/texmf-dist/fonts/type1/public/amsfonts/cm/cmssi10.p
fb><d:/Programs/texlive/2015/texmf-dist/fonts/type1/public/amsfonts/cm/cmsy10.p
fb>
Output written on "Bakaláøská práce.pdf" (38 pages, 1445920 bytes).
PDF statistics:
 672 PDF objects out of 1000 (max. 8388607)
 602 compressed objects within 7 object streams
 138 named destinations out of 1000 (max. 500000)
 593 words of extra memory for PDF output out of 10000 (max. 10000000)

